<?xml version="1.0" encoding="UTF-8"?>
<!-- Generated by org.testng.reporters.JUnitXMLReporter -->
<testsuite ignored="0" hostname="DESKTOP-8DULQMF" failures="1" tests="2" name="Test" time="47.256" errors="0" timestamp="2025-06-25T17:56:14 IST">
  <testcase classname="testCases.TC2_ProfileUpdateTest" name="updateProfile" time="12.326">
    <failure type="java.lang.AssertionError" message="The following asserts failed:
	expected [Aniket kush] but found [Anikeths kingkingkingking]">
      <![CDATA[java.lang.AssertionError: The following asserts failed:
expected [Aniket kush] but found [Anikeths kingkingkingking]
at pageObjects.ProfilePage.updateProfile(ProfilePage.java:48)
at testCases.TC2_ProfileUpdateTest.updateProfile(TC2_ProfileUpdateTest.java:19)
at java.base/java.util.ArrayList.forEach(ArrayList.java:1596)
... Removed 27 stack frames]]>
    </failure>
  </testcase> <!-- updateProfile -->
  <testcase classname="testCases.TC9_Requirement_Client_Page" name="client" time="27.345"/>
</testsuite> <!-- Test -->
