<?xml version="1.0" encoding="UTF-8"?>
<!-- Generated by org.testng.reporters.JUnitXMLReporter -->
<testsuite ignored="7" hostname="DESKTOP-8DULQMF" failures="3" tests="8" name="Test" time="116.382" errors="0" timestamp="2025-06-30T11:50:50 IST">
  <testcase classname="testCases.TC9_Requirement_Client_Page" name="client" time="27.473"/>
  <testcase classname="testCases.TC3_RequirementUpdateTest" name="requirement" time="11.383"/>
  <testcase classname="testCases.TC27_PartnerUnderreviewTest" name="isVerified" time="9.921"/>
  <testcase classname="testCases.TC2_ProfileUpdateTest" name="updateProfile" time="11.986">
    <failure type="java.lang.AssertionError" message="The following asserts failed:
	expected [Aniket kush] but found [Anikeths kingkingkingking]">
      <![CDATA[java.lang.AssertionError: The following asserts failed:
expected [Aniket kush] but found [Anikeths kingkingkingking]
at pageObjects.ProfilePage.updateProfile(ProfilePage.java:48)
at testCases.TC2_ProfileUpdateTest.updateProfile(TC2_ProfileUpdateTest.java:19)
at java.base/java.util.ArrayList.forEach(ArrayList.java:1596)
... Removed 27 stack frames]]>
    </failure>
  </testcase> <!-- updateProfile -->
  <testcase classname="testCases.TC1_ClientMobVerifiedTest" name="check_Mob" time="17.242"/>
  <testcase classname="testCases.TC_57_PasswordVerified_Test" name="isPassword" time="1.5">
    <failure type="org.openqa.selenium.InvalidSelectorException" message="invalid selector: Unable to locate an element with the xpath expression //input[@name=&amp;apos;oldPassword&amp;apos;])[1] because of the following error:
SyntaxError: Failed to execute &amp;apos;evaluate&amp;apos; on &amp;apos;Document&amp;apos;: The string &amp;apos;//input[@name=&amp;apos;oldPassword&amp;apos;])[1]&amp;apos; is not a valid XPath expression.
  (Session info: chrome=137.0.7151.120)
For documentation on this error, please visit: https://www.selenium.dev/documentation/webdriver/troubleshooting/errors#invalid-selector-exception
Build info: version: &amp;apos;4.21.0&amp;apos;, revision: &amp;apos;79ed462ef4&amp;apos;
System info: os.name: &amp;apos;Windows 11&amp;apos;, os.arch: &amp;apos;amd64&amp;apos;, os.version: &amp;apos;10.0&amp;apos;, java.version: &amp;apos;21.0.7&amp;apos;
Driver info: org.openqa.selenium.chrome.ChromeDriver
Command: [aac34582962461aaaa594a81541a6bdb, findElement {using=xpath, value=//input[@name=&amp;apos;oldPassword&amp;apos;])[1]}]
Capabilities {acceptInsecureCerts: false, browserName: chrome, browserVersion: 137.0.7151.120, chrome: {chromedriverVersion: 137.0.7151.119 (e0ac9d12dff..., userDataDir: C:\Users\Fleeek\AppData\Loc...}, fedcm:accounts: true, goog:chromeOptions: {debuggerAddress: localhost:52970}, networkConnectionEnabled: false, pageLoadStrategy: normal, platformName: windows, proxy: Proxy(), se:cdp: ws://localhost:52970/devtoo..., se:cdpVersion: 137.0.7151.120, setWindowRect: true, strictFileInteractability: false, timeouts: {implicit: 0, pageLoad: 300000, script: 30000}, unhandledPromptBehavior: dismiss and notify, webauthn:extension:credBlob: true, webauthn:extension:largeBlob: true, webauthn:extension:minPinLength: true, webauthn:extension:prf: true, webauthn:virtualAuthenticators: true}
Session ID: aac34582962461aaaa594a81541a6bdb">
      <![CDATA[org.openqa.selenium.InvalidSelectorException: invalid selector: Unable to locate an element with the xpath expression //input[@name='oldPassword'])[1] because of the following error:
SyntaxError: Failed to execute 'evaluate' on 'Document': The string '//input[@name='oldPassword'])[1]' is not a valid XPath expression.
  (Session info: chrome=137.0.7151.120)
For documentation on this error, please visit: https://www.selenium.dev/documentation/webdriver/troubleshooting/errors#invalid-selector-exception
Build info: version: '4.21.0', revision: '79ed462ef4'
System info: os.name: 'Windows 11', os.arch: 'amd64', os.version: '10.0', java.version: '21.0.7'
Driver info: org.openqa.selenium.chrome.ChromeDriver
Command: [aac34582962461aaaa594a81541a6bdb, findElement {using=xpath, value=//input[@name='oldPassword'])[1]}]
Capabilities {acceptInsecureCerts: false, browserName: chrome, browserVersion: 137.0.7151.120, chrome: {chromedriverVersion: 137.0.7151.119 (e0ac9d12dff..., userDataDir: C:\Users\Fleeek\AppData\Loc...}, fedcm:accounts: true, goog:chromeOptions: {debuggerAddress: localhost:52970}, networkConnectionEnabled: false, pageLoadStrategy: normal, platformName: windows, proxy: Proxy(), se:cdp: ws://localhost:52970/devtoo..., se:cdpVersion: 137.0.7151.120, setWindowRect: true, strictFileInteractability: false, timeouts: {implicit: 0, pageLoad: 300000, script: 30000}, unhandledPromptBehavior: dismiss and notify, webauthn:extension:credBlob: true, webauthn:extension:largeBlob: true, webauthn:extension:minPinLength: true, webauthn:extension:prf: true, webauthn:virtualAuthenticators: true}
Session ID: aac34582962461aaaa594a81541a6bdb
at org.openqa.selenium.remote.ErrorCodec.decode(ErrorCodec.java:167)
at org.openqa.selenium.remote.codec.w3c.W3CHttpResponseCodec.decode(W3CHttpResponseCodec.java:138)
at org.openqa.selenium.remote.codec.w3c.W3CHttpResponseCodec.decode(W3CHttpResponseCodec.java:50)
at org.openqa.selenium.remote.HttpCommandExecutor.execute(HttpCommandExecutor.java:190)
at org.openqa.selenium.remote.service.DriverCommandExecutor.invokeExecute(DriverCommandExecutor.java:216)
at org.openqa.selenium.remote.service.DriverCommandExecutor.execute(DriverCommandExecutor.java:174)
at org.openqa.selenium.remote.RemoteWebDriver.execute(RemoteWebDriver.java:518)
at org.openqa.selenium.remote.ElementLocation$ElementFinder$2.findElement(ElementLocation.java:165)
at org.openqa.selenium.remote.ElementLocation.findElement(ElementLocation.java:59)
at org.openqa.selenium.remote.RemoteWebDriver.findElement(RemoteWebDriver.java:355)
at org.openqa.selenium.remote.RemoteWebDriver.findElement(RemoteWebDriver.java:349)
at org.openqa.selenium.support.pagefactory.DefaultElementLocator.findElement(DefaultElementLocator.java:68)
at org.openqa.selenium.support.pagefactory.internal.LocatingElementHandler.invoke(LocatingElementHandler.java:38)
at jdk.proxy2/jdk.proxy2.$Proxy36.sendKeys(Unknown Source)
at pageObjects.Password_Verification_Page.isPasswordChange(Password_Verification_Page.java:32)
at testCases.TC_57_PasswordVerified_Test.isPassword(TC_57_PasswordVerified_Test.java:13)
at java.base/java.util.ArrayList.forEach(ArrayList.java:1596)
... Removed 28 stack frames]]>
    </failure>
  </testcase> <!-- isPassword -->
  <testcase classname="testCases.TC_33_Verified_partnet_applicant_Comment_Test" name="isVerified_Comment" time="7.356"/>
  <testcase classname="testCases.TC_30_No_Applicant_Test" name="isCount" time="5.016">
    <failure type="java.lang.AssertionError" message="The following asserts failed:
	expected [9] but found [0]">
      <![CDATA[java.lang.AssertionError: The following asserts failed:
expected [9] but found [0]
at pageObjects.Requirement_NoApplicant_Verified_Page.no_applicant_count(Requirement_NoApplicant_Verified_Page.java:54)
at testCases.TC_30_No_Applicant_Test.isCount(TC_30_No_Applicant_Test.java:13)
at java.base/java.util.ArrayList.forEach(ArrayList.java:1596)
... Removed 27 stack frames]]>
    </failure>
  </testcase> <!-- isCount -->
  <testcase classname="testBase.BaseClass" name="@AfterSuite allure" time="0.0">
    <ignored/>
  </testcase> <!-- @AfterSuite allure -->
  <testcase classname="testBase.BaseClass" name="@AfterSuite allure" time="0.0">
    <ignored/>
  </testcase> <!-- @AfterSuite allure -->
  <testcase classname="testBase.BaseClass" name="@AfterSuite allure" time="0.0">
    <ignored/>
  </testcase> <!-- @AfterSuite allure -->
  <testcase classname="testBase.BaseClass" name="@AfterSuite allure" time="0.0">
    <ignored/>
  </testcase> <!-- @AfterSuite allure -->
  <testcase classname="testBase.BaseClass" name="@AfterSuite allure" time="0.0">
    <ignored/>
  </testcase> <!-- @AfterSuite allure -->
  <testcase classname="testBase.BaseClass" name="@AfterSuite allure" time="0.0">
    <ignored/>
  </testcase> <!-- @AfterSuite allure -->
  <testcase classname="testBase.BaseClass" name="@AfterSuite allure" time="0.0">
    <ignored/>
  </testcase> <!-- @AfterSuite allure -->
</testsuite> <!-- Test -->
