<!DOCTYPE html PUBLIC "-//W3C//DTD XHTML 1.1//EN" "https://www.w3.org/TR/xhtml11/DTD/xhtml11.dtd">
<html xmlns="https://www.w3.org/1999/xhtml">
<head>
<meta http-equiv="content-type" content="text/html; charset=UTF-8"/>
<title>TestNG Report</title>
<style type="text/css">table {margin-bottom:10px;border-collapse:collapse;empty-cells:show}th,td {border:1px solid #009;padding:.25em .5em}th {vertical-align:bottom}td {vertical-align:top}table a {font-weight:bold}.stripe td {background-color: #E6EBF9}.num {text-align:right}.passedodd td {background-color: #3F3}.passedeven td {background-color: #0A0}.skippedodd td {background-color: #DDD}.skippedeven td {background-color: #CCC}.failedodd td,.attn {background-color: #F33}.failedeven td,.stripe .attn {background-color: #D00}.stacktrace {white-space:pre;font-family:monospace}.totop {font-size:85%;text-align:center;border-bottom:2px solid #000}.invisible {display:none}</style>
</head>
<body>
<table>
<tr><th>Test</th><th># Passed</th><th># Skipped</th><th># Retried</th><th># Failed</th><th>Time (ms)</th><th>Included Groups</th><th>Excluded Groups</th></tr>
<tr><th colspan="8">Surefire suite</th></tr>
<tr><td><a href="#t0">Surefire test</a></td><td class="num">3</td><td class="num attn">10</td><td class="num">0</td><td class="num">0</td><td class="num">4,263</td><td></td><td></td></tr>
</table>
<table id='summary'><thead><tr><th>Class</th><th>Method</th><th>Start</th><th>Time (ms)</th></tr></thead><tbody><tr><th colspan="4">Surefire suite</th></tr></tbody><tbody id="t0"><tr><th colspan="4">Surefire test &#8212; failed (configuration methods)</th></tr><tr class="failedeven"><td rowspan="1">testCases.TC0_loginTest</td><td><a href="#m0">setUp</a></td><td rowspan="1">1750764829180</td><td rowspan="1">-1750764829180</td></tr><tr class="failedodd"><td rowspan="1">testCases.TC1_ClientMobVerifiedTest</td><td><a href="#m1">setUp</a></td><td rowspan="1">1750764829306</td><td rowspan="1">-1750764829306</td></tr><tr class="failedeven"><td rowspan="1">testCases.TC27_PartnerUnderreviewTest</td><td><a href="#m2">setUp</a></td><td rowspan="1">1750764829314</td><td rowspan="1">-1750764829314</td></tr><tr class="failedodd"><td rowspan="1">testCases.TC2_ProfileUpdateTest</td><td><a href="#m3">setUp</a></td><td rowspan="1">1750764829323</td><td rowspan="1">-1750764829323</td></tr><tr class="failedeven"><td rowspan="1">testCases.TC3_RequirementUpdateTest</td><td><a href="#m4">setUp</a></td><td rowspan="1">1750764829332</td><td rowspan="1">-1750764829332</td></tr><tr class="failedodd"><td rowspan="1">testCases.TC_30_No_Applicant_Test</td><td><a href="#m5">setUp</a></td><td rowspan="1">1750764829340</td><td rowspan="1">-1750764829340</td></tr><tr class="failedeven"><td rowspan="1">testCases.TC_33_Verified_partnet_applicant_Comment_Test</td><td><a href="#m6">setUp</a></td><td rowspan="1">1750764829348</td><td rowspan="1">-1750764829348</td></tr><tr class="failedodd"><td rowspan="1">testCases.TC_57_PasswordVerified_Test</td><td><a href="#m7">setUp</a></td><td rowspan="1">1750764829357</td><td rowspan="1">-1750764829357</td></tr><tr class="failedeven"><td rowspan="1">vendortestcases.TC_10_Matching_bench_Test</td><td><a href="#m8">setUp</a></td><td rowspan="1">1750764833395</td><td rowspan="1">-1750764833395</td></tr><tr class="failedodd"><td rowspan="1">vendortestcases.TC_22_Open_Position_Test</td><td><a href="#m9">setUp</a></td><td rowspan="1">1750764833405</td><td rowspan="1">-1750764833405</td></tr><tr><th colspan="4">Surefire test &#8212; skipped (configuration methods)</th></tr><tr class="skippedeven"><td rowspan="1">testCases.TC0_loginTest</td><td><a href="#m10">tearDown</a></td><td rowspan="1">1750764829300</td><td rowspan="1">0</td></tr><tr class="skippedodd"><td rowspan="1">testCases.TC1_ClientMobVerifiedTest</td><td><a href="#m11">tearDown</a></td><td rowspan="1">1750764829313</td><td rowspan="1">0</td></tr><tr class="skippedeven"><td rowspan="1">testCases.TC27_PartnerUnderreviewTest</td><td><a href="#m12">tearDown</a></td><td rowspan="1">1750764829322</td><td rowspan="1">0</td></tr><tr class="skippedodd"><td rowspan="1">testCases.TC2_ProfileUpdateTest</td><td><a href="#m13">tearDown</a></td><td rowspan="1">1750764829331</td><td rowspan="1">0</td></tr><tr class="skippedeven"><td rowspan="1">testCases.TC3_RequirementUpdateTest</td><td><a href="#m14">tearDown</a></td><td rowspan="1">1750764829339</td><td rowspan="1">0</td></tr><tr class="skippedodd"><td rowspan="1">testCases.TC_30_No_Applicant_Test</td><td><a href="#m15">tearDown</a></td><td rowspan="1">1750764829347</td><td rowspan="1">0</td></tr><tr class="skippedeven"><td rowspan="1">testCases.TC_33_Verified_partnet_applicant_Comment_Test</td><td><a href="#m16">tearDown</a></td><td rowspan="1">1750764829356</td><td rowspan="1">0</td></tr><tr class="skippedodd"><td rowspan="1">testCases.TC_57_PasswordVerified_Test</td><td><a href="#m17">tearDown</a></td><td rowspan="1">1750764829364</td><td rowspan="1">0</td></tr><tr class="skippedeven"><td rowspan="1">vendortestcases.TC_10_Matching_bench_Test</td><td><a href="#m18">tearDown</a></td><td rowspan="1">1750764833404</td><td rowspan="1">0</td></tr><tr class="skippedodd"><td rowspan="1">vendortestcases.TC_22_Open_Position_Test</td><td><a href="#m19">tearDown</a></td><td rowspan="1">1750764833416</td><td rowspan="1">0</td></tr><tr><th colspan="4">Surefire test &#8212; skipped</th></tr><tr class="skippedeven"><td rowspan="1">testCases.TC0_loginTest</td><td><a href="#m20">login_verify</a></td><td rowspan="1">1750764829290</td><td rowspan="1">0</td></tr><tr class="skippedodd"><td rowspan="1">testCases.TC1_ClientMobVerifiedTest</td><td><a href="#m21">check_Mob</a></td><td rowspan="1">1750764829310</td><td rowspan="1">0</td></tr><tr class="skippedeven"><td rowspan="1">testCases.TC27_PartnerUnderreviewTest</td><td><a href="#m22">isVerified</a></td><td rowspan="1">1750764829319</td><td rowspan="1">0</td></tr><tr class="skippedodd"><td rowspan="1">testCases.TC2_ProfileUpdateTest</td><td><a href="#m23">updateProfile</a></td><td rowspan="1">1750764829328</td><td rowspan="1">0</td></tr><tr class="skippedeven"><td rowspan="1">testCases.TC3_RequirementUpdateTest</td><td><a href="#m24">requirement</a></td><td rowspan="1">1750764829336</td><td rowspan="1">0</td></tr><tr class="skippedodd"><td rowspan="1">testCases.TC_30_No_Applicant_Test</td><td><a href="#m25">isCount</a></td><td rowspan="1">1750764829344</td><td rowspan="1">0</td></tr><tr class="skippedeven"><td rowspan="1">testCases.TC_33_Verified_partnet_applicant_Comment_Test</td><td><a href="#m26">isVerified_Comment</a></td><td rowspan="1">1750764829353</td><td rowspan="1">0</td></tr><tr class="skippedodd"><td rowspan="1">testCases.TC_57_PasswordVerified_Test</td><td><a href="#m27">isPassword</a></td><td rowspan="1">1750764829361</td><td rowspan="1">0</td></tr><tr class="skippedeven"><td rowspan="1">vendortestcases.TC_10_Matching_bench_Test</td><td><a href="#m28">isMatching</a></td><td rowspan="1">1750764833400</td><td rowspan="1">0</td></tr><tr class="skippedodd"><td rowspan="1">vendortestcases.TC_22_Open_Position_Test</td><td><a href="#m29">isCountCorrect</a></td><td rowspan="1">1750764833411</td><td rowspan="1">0</td></tr><tr><th colspan="4">Surefire test &#8212; passed</th></tr><tr class="passedeven"><td rowspan="3">vendortestcases.FirstTestCase</td><td><a href="#m30">close</a></td><td rowspan="1">1750764833262</td><td rowspan="1">131</td></tr><tr class="passedeven"><td><a href="#m31">login</a></td><td rowspan="1">1750764832085</td><td rowspan="1">1174</td></tr><tr class="passedeven"><td><a href="#m32">open</a></td><td rowspan="1">1750764829365</td><td rowspan="1">2714</td></tr></tbody>
</table>
<h2>Surefire test</h2><h3 id="m0">testCases.TC0_loginTest#setUp</h3><table class="result"><tr><th>Exception</th></tr><tr><td><div class="stacktrace">org.testng.TestNGException: 
Parameter &apos;os&apos; is required by BeforeClass on method setUp but has not been marked @Optional or defined

	at java.base/java.util.ArrayList.forEach(ArrayList.java:1604)
... Removed 27 stack frames</div></td></tr></table><p class="totop"><a href="#summary">back to summary</a></p>
<h3 id="m1">testCases.TC1_ClientMobVerifiedTest#setUp</h3><table class="result"><tr><th>Exception</th></tr><tr><td><div class="stacktrace">org.testng.TestNGException: 
Parameter &apos;os&apos; is required by BeforeClass on method setUp but has not been marked @Optional or defined

	at java.base/java.util.ArrayList.forEach(ArrayList.java:1604)
... Removed 27 stack frames</div></td></tr></table><p class="totop"><a href="#summary">back to summary</a></p>
<h3 id="m2">testCases.TC27_PartnerUnderreviewTest#setUp</h3><table class="result"><tr><th>Exception</th></tr><tr><td><div class="stacktrace">org.testng.TestNGException: 
Parameter &apos;os&apos; is required by BeforeClass on method setUp but has not been marked @Optional or defined

	at java.base/java.util.ArrayList.forEach(ArrayList.java:1604)
... Removed 27 stack frames</div></td></tr></table><p class="totop"><a href="#summary">back to summary</a></p>
<h3 id="m3">testCases.TC2_ProfileUpdateTest#setUp</h3><table class="result"><tr><th>Exception</th></tr><tr><td><div class="stacktrace">org.testng.TestNGException: 
Parameter &apos;os&apos; is required by BeforeClass on method setUp but has not been marked @Optional or defined

	at java.base/java.util.ArrayList.forEach(ArrayList.java:1604)
... Removed 27 stack frames</div></td></tr></table><p class="totop"><a href="#summary">back to summary</a></p>
<h3 id="m4">testCases.TC3_RequirementUpdateTest#setUp</h3><table class="result"><tr><th>Exception</th></tr><tr><td><div class="stacktrace">org.testng.TestNGException: 
Parameter &apos;os&apos; is required by BeforeClass on method setUp but has not been marked @Optional or defined

	at java.base/java.util.ArrayList.forEach(ArrayList.java:1604)
... Removed 27 stack frames</div></td></tr></table><p class="totop"><a href="#summary">back to summary</a></p>
<h3 id="m5">testCases.TC_30_No_Applicant_Test#setUp</h3><table class="result"><tr><th>Exception</th></tr><tr><td><div class="stacktrace">org.testng.TestNGException: 
Parameter &apos;os&apos; is required by BeforeClass on method setUp but has not been marked @Optional or defined

	at java.base/java.util.ArrayList.forEach(ArrayList.java:1604)
... Removed 27 stack frames</div></td></tr></table><p class="totop"><a href="#summary">back to summary</a></p>
<h3 id="m6">testCases.TC_33_Verified_partnet_applicant_Comment_Test#setUp</h3><table class="result"><tr><th>Exception</th></tr><tr><td><div class="stacktrace">org.testng.TestNGException: 
Parameter &apos;os&apos; is required by BeforeClass on method setUp but has not been marked @Optional or defined

	at java.base/java.util.ArrayList.forEach(ArrayList.java:1604)
... Removed 27 stack frames</div></td></tr></table><p class="totop"><a href="#summary">back to summary</a></p>
<h3 id="m7">testCases.TC_57_PasswordVerified_Test#setUp</h3><table class="result"><tr><th>Exception</th></tr><tr><td><div class="stacktrace">org.testng.TestNGException: 
Parameter &apos;os&apos; is required by BeforeClass on method setUp but has not been marked @Optional or defined

	at java.base/java.util.ArrayList.forEach(ArrayList.java:1604)
... Removed 27 stack frames</div></td></tr></table><p class="totop"><a href="#summary">back to summary</a></p>
<h3 id="m8">vendortestcases.TC_10_Matching_bench_Test#setUp</h3><table class="result"><tr><th>Exception</th></tr><tr><td><div class="stacktrace">org.testng.TestNGException: 
Parameter &apos;os&apos; is required by BeforeClass on method setUp but has not been marked @Optional or defined

	at java.base/java.util.ArrayList.forEach(ArrayList.java:1604)
... Removed 27 stack frames</div></td></tr></table><p class="totop"><a href="#summary">back to summary</a></p>
<h3 id="m9">vendortestcases.TC_22_Open_Position_Test#setUp</h3><table class="result"><tr><th>Exception</th></tr><tr><td><div class="stacktrace">org.testng.TestNGException: 
Parameter &apos;os&apos; is required by BeforeClass on method setUp but has not been marked @Optional or defined

	at java.base/java.util.ArrayList.forEach(ArrayList.java:1604)
... Removed 27 stack frames</div></td></tr></table><p class="totop"><a href="#summary">back to summary</a></p>
<h3 id="m10">testCases.TC0_loginTest#tearDown</h3><table class="result"><tr><th class="invisible"/></tr></table><p class="totop"><a href="#summary">back to summary</a></p>
<h3 id="m11">testCases.TC1_ClientMobVerifiedTest#tearDown</h3><table class="result"><tr><th class="invisible"/></tr></table><p class="totop"><a href="#summary">back to summary</a></p>
<h3 id="m12">testCases.TC27_PartnerUnderreviewTest#tearDown</h3><table class="result"><tr><th class="invisible"/></tr></table><p class="totop"><a href="#summary">back to summary</a></p>
<h3 id="m13">testCases.TC2_ProfileUpdateTest#tearDown</h3><table class="result"><tr><th class="invisible"/></tr></table><p class="totop"><a href="#summary">back to summary</a></p>
<h3 id="m14">testCases.TC3_RequirementUpdateTest#tearDown</h3><table class="result"><tr><th class="invisible"/></tr></table><p class="totop"><a href="#summary">back to summary</a></p>
<h3 id="m15">testCases.TC_30_No_Applicant_Test#tearDown</h3><table class="result"><tr><th class="invisible"/></tr></table><p class="totop"><a href="#summary">back to summary</a></p>
<h3 id="m16">testCases.TC_33_Verified_partnet_applicant_Comment_Test#tearDown</h3><table class="result"><tr><th class="invisible"/></tr></table><p class="totop"><a href="#summary">back to summary</a></p>
<h3 id="m17">testCases.TC_57_PasswordVerified_Test#tearDown</h3><table class="result"><tr><th class="invisible"/></tr></table><p class="totop"><a href="#summary">back to summary</a></p>
<h3 id="m18">vendortestcases.TC_10_Matching_bench_Test#tearDown</h3><table class="result"><tr><th class="invisible"/></tr></table><p class="totop"><a href="#summary">back to summary</a></p>
<h3 id="m19">vendortestcases.TC_22_Open_Position_Test#tearDown</h3><table class="result"><tr><th class="invisible"/></tr></table><p class="totop"><a href="#summary">back to summary</a></p>
<h3 id="m20">testCases.TC0_loginTest#login_verify</h3><table class="result"><tr><th>Exception</th></tr><tr><td><div class="stacktrace">org.testng.TestNGException: 
Parameter &apos;os&apos; is required by BeforeClass on method setUp but has not been marked @Optional or defined

	at java.base/java.util.ArrayList.forEach(ArrayList.java:1604)
... Removed 27 stack frames</div></td></tr></table><p class="totop"><a href="#summary">back to summary</a></p>
<h3 id="m21">testCases.TC1_ClientMobVerifiedTest#check_Mob</h3><table class="result"><tr><th>Exception</th></tr><tr><td><div class="stacktrace">org.testng.TestNGException: 
Parameter &apos;os&apos; is required by BeforeClass on method setUp but has not been marked @Optional or defined

	at java.base/java.util.ArrayList.forEach(ArrayList.java:1604)
... Removed 27 stack frames</div></td></tr></table><p class="totop"><a href="#summary">back to summary</a></p>
<h3 id="m22">testCases.TC27_PartnerUnderreviewTest#isVerified</h3><table class="result"><tr><th>Exception</th></tr><tr><td><div class="stacktrace">org.testng.TestNGException: 
Parameter &apos;os&apos; is required by BeforeClass on method setUp but has not been marked @Optional or defined

	at java.base/java.util.ArrayList.forEach(ArrayList.java:1604)
... Removed 27 stack frames</div></td></tr></table><p class="totop"><a href="#summary">back to summary</a></p>
<h3 id="m23">testCases.TC2_ProfileUpdateTest#updateProfile</h3><table class="result"><tr><th>Exception</th></tr><tr><td><div class="stacktrace">org.testng.TestNGException: 
Parameter &apos;os&apos; is required by BeforeClass on method setUp but has not been marked @Optional or defined

	at java.base/java.util.ArrayList.forEach(ArrayList.java:1604)
... Removed 27 stack frames</div></td></tr></table><p class="totop"><a href="#summary">back to summary</a></p>
<h3 id="m24">testCases.TC3_RequirementUpdateTest#requirement</h3><table class="result"><tr><th>Exception</th></tr><tr><td><div class="stacktrace">org.testng.TestNGException: 
Parameter &apos;os&apos; is required by BeforeClass on method setUp but has not been marked @Optional or defined

	at java.base/java.util.ArrayList.forEach(ArrayList.java:1604)
... Removed 27 stack frames</div></td></tr></table><p class="totop"><a href="#summary">back to summary</a></p>
<h3 id="m25">testCases.TC_30_No_Applicant_Test#isCount</h3><table class="result"><tr><th>Exception</th></tr><tr><td><div class="stacktrace">org.testng.TestNGException: 
Parameter &apos;os&apos; is required by BeforeClass on method setUp but has not been marked @Optional or defined

	at java.base/java.util.ArrayList.forEach(ArrayList.java:1604)
... Removed 27 stack frames</div></td></tr></table><p class="totop"><a href="#summary">back to summary</a></p>
<h3 id="m26">testCases.TC_33_Verified_partnet_applicant_Comment_Test#isVerified_Comment</h3><table class="result"><tr><th>Exception</th></tr><tr><td><div class="stacktrace">org.testng.TestNGException: 
Parameter &apos;os&apos; is required by BeforeClass on method setUp but has not been marked @Optional or defined

	at java.base/java.util.ArrayList.forEach(ArrayList.java:1604)
... Removed 27 stack frames</div></td></tr></table><p class="totop"><a href="#summary">back to summary</a></p>
<h3 id="m27">testCases.TC_57_PasswordVerified_Test#isPassword</h3><table class="result"><tr><th>Exception</th></tr><tr><td><div class="stacktrace">org.testng.TestNGException: 
Parameter &apos;os&apos; is required by BeforeClass on method setUp but has not been marked @Optional or defined

	at java.base/java.util.ArrayList.forEach(ArrayList.java:1604)
... Removed 27 stack frames</div></td></tr></table><p class="totop"><a href="#summary">back to summary</a></p>
<h3 id="m28">vendortestcases.TC_10_Matching_bench_Test#isMatching</h3><table class="result"><tr><th>Exception</th></tr><tr><td><div class="stacktrace">org.testng.TestNGException: 
Parameter &apos;os&apos; is required by BeforeClass on method setUp but has not been marked @Optional or defined

	at java.base/java.util.ArrayList.forEach(ArrayList.java:1604)
... Removed 27 stack frames</div></td></tr></table><p class="totop"><a href="#summary">back to summary</a></p>
<h3 id="m29">vendortestcases.TC_22_Open_Position_Test#isCountCorrect</h3><table class="result"><tr><th>Exception</th></tr><tr><td><div class="stacktrace">org.testng.TestNGException: 
Parameter &apos;os&apos; is required by BeforeClass on method setUp but has not been marked @Optional or defined

	at java.base/java.util.ArrayList.forEach(ArrayList.java:1604)
... Removed 27 stack frames</div></td></tr></table><p class="totop"><a href="#summary">back to summary</a></p>
<h3 id="m30">vendortestcases.FirstTestCase#close</h3><table class="result"><tr><th class="invisible"/></tr></table><p class="totop"><a href="#summary">back to summary</a></p>
<h3 id="m31">vendortestcases.FirstTestCase#login</h3><table class="result"><tr><th class="invisible"/></tr></table><p class="totop"><a href="#summary">back to summary</a></p>
<h3 id="m32">vendortestcases.FirstTestCase#open</h3><table class="result"><tr><th class="invisible"/></tr></table><p class="totop"><a href="#summary">back to summary</a></p>
</body>
</html>
